# JRE version: OpenJDK Runtime Environment (8.0_152-b02) (build 1.8.0_152-release-1024-b02)
# Java VM: OpenJDK 64-Bit Server VM (25.152-b02 mixed mode windows-amd64 compressed oops)
Heap:
 PSYoungGen      total 189952K, used 71183K [0x00000000e0000000, 0x00000000edc80000, 0x0000000100000000)
  eden space 164352K, 30% used [0x00000000e0000000,0x00000000e3191d70,0x00000000ea080000)
  from space 25600K, 79% used [0x00000000ec380000,0x00000000ed771eb0,0x00000000edc80000)
  to   space 30720K, 0% used [0x00000000ea080000,0x00000000ea080000,0x00000000ebe80000)
 ParOldGen       total 125440K, used 60015K [0x00000000a0000000, 0x00000000a7a80000, 0x00000000e0000000)
  object space 125440K, 47% used [0x00000000a0000000,0x00000000a3a9bf48,0x00000000a7a80000)
 Metaspace       used 117466K, capacity 121856K, committed 122072K, reserved 1157120K
  class space    used 14471K, capacity 15294K, committed 15360K, reserved 1048576K
GC Heap History (10 events):
Event: 4142.105 GC heap before
{Heap before GC invocations=28 (full 4):
 PSYoungGen      total 198144K, used 197762K [0x00000000e0000000, 0x00000000efe80000, 0x0000000100000000)
  eden space 189952K, 99% used [0x00000000e0000000,0x00000000eb97a7b0,0x00000000eb980000)
  from space 8192K, 95% used [0x00000000ec100000,0x00000000ec8a61d0,0x00000000ec900000)
  to   space 35328K, 0% used [0x00000000edc00000,0x00000000edc00000,0x00000000efe80000)
 ParOldGen       total 125440K, used 59719K [0x00000000a0000000, 0x00000000a7a80000, 0x00000000e0000000)
  object space 125440K, 47% used [0x00000000a0000000,0x00000000a3a51f30,0x00000000a7a80000)
 Metaspace       used 101562K, capacity 104848K, committed 105176K, reserved 1140736K
  class space    used 12763K, capacity 13470K, committed 13568K, reserved 1048576K
Event: 4142.177 GC heap after
Heap after GC invocations=28 (full 4):
 PSYoungGen      total 206848K, used 14053K [0x00000000e0000000, 0x00000000ef380000, 0x0000000100000000)
  eden space 182784K, 0% used [0x00000000e0000000,0x00000000e0000000,0x00000000eb280000)
  from space 24064K, 58% used [0x00000000edc00000,0x00000000ee9b9620,0x00000000ef380000)
  to   space 33280K, 0% used [0x00000000eb280000,0x00000000eb280000,0x00000000ed300000)
 ParOldGen       total 125440K, used 59727K [0x00000000a0000000, 0x00000000a7a80000, 0x00000000e0000000)
  object space 125440K, 47% used [0x00000000a0000000,0x00000000a3a53f30,0x00000000a7a80000)
 Metaspace       used 101562K, capacity 104848K, committed 105176K, reserved 1140736K
  class space    used 12763K, capacity 13470K, committed 13568K, reserved 1048576K
}
Event: 4314.634 GC heap before
{Heap before GC invocations=29 (full 4):
 PSYoungGen      total 206848K, used 196837K [0x00000000e0000000, 0x00000000ef380000, 0x0000000100000000)
  eden space 182784K, 100% used [0x00000000e0000000,0x00000000eb280000,0x00000000eb280000)
  from space 24064K, 58% used [0x00000000edc00000,0x00000000ee9b9620,0x00000000ef380000)
  to   space 33280K, 0% used [0x00000000eb280000,0x00000000eb280000,0x00000000ed300000)
 ParOldGen       total 125440K, used 59727K [0x00000000a0000000, 0x00000000a7a80000, 0x00000000e0000000)
  object space 125440K, 47% used [0x00000000a0000000,0x00000000a3a53f30,0x00000000a7a80000)
 Metaspace       used 102312K, capacity 105970K, committed 106328K, reserved 1142784K
  class space    used 12819K, capacity 13569K, committed 13696K, reserved 1048576K
Event: 4314.667 GC heap after
Heap after GC invocations=29 (full 4):
 PSYoungGen      total 184832K, used 8490K [0x00000000e0000000, 0x00000000eeb00000, 0x0000000100000000)
  eden space 176128K, 0% used [0x00000000e0000000,0x00000000e0000000,0x00000000eac00000)
  from space 8704K, 97% used [0x00000000eb280000,0x00000000ebacab78,0x00000000ebb00000)
  to   space 32256K, 0% used [0x00000000ecb80000,0x00000000ecb80000,0x00000000eeb00000)
 ParOldGen       total 125440K, used 59735K [0x00000000a0000000, 0x00000000a7a80000, 0x00000000e0000000)
  object space 125440K, 47% used [0x00000000a0000000,0x00000000a3a55f30,0x00000000a7a80000)
 Metaspace       used 102312K, capacity 105970K, committed 106328K, reserved 1142784K
  class space    used 12819K, capacity 13569K, committed 13696K, reserved 1048576K
}
Event: 4320.889 GC heap before
{Heap before GC invocations=30 (full 4):
 PSYoungGen      total 184832K, used 184618K [0x00000000e0000000, 0x00000000eeb00000, 0x0000000100000000)
  eden space 176128K, 99% used [0x00000000e0000000,0x00000000eabffe50,0x00000000eac00000)
  from space 8704K, 97% used [0x00000000eb280000,0x00000000ebacab78,0x00000000ebb00000)
  to   space 32256K, 0% used [0x00000000ecb80000,0x00000000ecb80000,0x00000000eeb00000)
 ParOldGen       total 125440K, used 59735K [0x00000000a0000000, 0x00000000a7a80000, 0x00000000e0000000)
  object space 125440K, 47% used [0x00000000a0000000,0x00000000a3a55f30,0x00000000a7a80000)
 Metaspace       used 108515K, capacity 112196K, committed 112344K, reserved 1146880K
  class space    used 13520K, capacity 14282K, committed 14336K, reserved 1048576K
Event: 4321.118 GC heap after
Heap after GC invocations=30 (full 4):
 PSYoungGen      total 209408K, used 15610K [0x00000000e0000000, 0x00000000eff80000, 0x0000000100000000)
  eden space 177152K, 0% used [0x00000000e0000000,0x00000000e0000000,0x00000000ead00000)
  from space 32256K, 48% used [0x00000000ecb80000,0x00000000edabe900,0x00000000eeb00000)
  to   space 31232K, 0% used [0x00000000ead00000,0x00000000ead00000,0x00000000ecb80000)
 ParOldGen       total 125440K, used 59743K [0x00000000a0000000, 0x00000000a7a80000, 0x00000000e0000000)
  object space 125440K, 47% used [0x00000000a0000000,0x00000000a3a57f30,0x00000000a7a80000)
 Metaspace       used 108515K, capacity 112196K, committed 112344K, reserved 1146880K
  class space    used 13520K, capacity 14282K, committed 14336K, reserved 1048576K
}
Event: 4900.159 GC heap before
{Heap before GC invocations=31 (full 4):
 PSYoungGen      total 209408K, used 192762K [0x00000000e0000000, 0x00000000eff80000, 0x0000000100000000)
  eden space 177152K, 100% used [0x00000000e0000000,0x00000000ead00000,0x00000000ead00000)
  from space 32256K, 48% used [0x00000000ecb80000,0x00000000edabe900,0x00000000eeb00000)
  to   space 31232K, 0% used [0x00000000ead00000,0x00000000ead00000,0x00000000ecb80000)
 ParOldGen       total 125440K, used 59743K [0x00000000a0000000, 0x00000000a7a80000, 0x00000000e0000000)
  object space 125440K, 47% used [0x00000000a0000000,0x00000000a3a57f30,0x00000000a7a80000)
 Metaspace       used 111717K, capacity 115622K, committed 115672K, reserved 1150976K
  class space    used 13802K, capacity 14567K, committed 14592K, reserved 1048576K
Event: 4900.213 GC heap after
Heap after GC invocations=31 (full 4):
 PSYoungGen      total 182784K, used 12208K [0x00000000e0000000, 0x00000000ee080000, 0x0000000100000000)
  eden space 170496K, 0% used [0x00000000e0000000,0x00000000e0000000,0x00000000ea680000)
  from space 12288K, 99% used [0x00000000ead00000,0x00000000eb8ec238,0x00000000eb900000)
  to   space 29696K, 0% used [0x00000000ec380000,0x00000000ec380000,0x00000000ee080000)
 ParOldGen       total 125440K, used 60007K [0x00000000a0000000, 0x00000000a7a80000, 0x00000000e0000000)
  object space 125440K, 47% used [0x00000000a0000000,0x00000000a3a99f48,0x00000000a7a80000)
 Metaspace       used 111717K, capacity 115622K, committed 115672K, reserved 1150976K
  class space    used 13802K, capacity 14567K, committed 14592K, reserved 1048576K
}
Event: 8668.459 GC heap before
{Heap before GC invocations=32 (full 4):
 PSYoungGen      total 182784K, used 181684K [0x00000000e0000000, 0x00000000ee080000, 0x0000000100000000)
  eden space 170496K, 99% used [0x00000000e0000000,0x00000000ea580e50,0x00000000ea680000)
  from space 12288K, 99% used [0x00000000ead00000,0x00000000eb8ec238,0x00000000eb900000)
  to   space 29696K, 0% used [0x00000000ec380000,0x00000000ec380000,0x00000000ee080000)
 ParOldGen       total 125440K, used 60007K [0x00000000a0000000, 0x00000000a7a80000, 0x00000000e0000000)
  object space 125440K, 47% used [0x00000000a0000000,0x00000000a3a99f48,0x00000000a7a80000)
 Metaspace       used 112656K, capacity 117012K, committed 117208K, reserved 1150976K
  class space    used 13921K, capacity 14742K, committed 14848K, reserved 1048576K
Event: 8668.820 GC heap after
Heap after GC invocations=32 (full 4):
 PSYoungGen      total 189952K, used 20423K [0x00000000e0000000, 0x00000000edc80000, 0x0000000100000000)
  eden space 164352K, 0% used [0x00000000e0000000,0x00000000e0000000,0x00000000ea080000)
  from space 25600K, 79% used [0x00000000ec380000,0x00000000ed771eb0,0x00000000edc80000)
  to   space 30720K, 0% used [0x00000000ea080000,0x00000000ea080000,0x00000000ebe80000)
 ParOldGen       total 125440K, used 60015K [0x00000000a0000000, 0x00000000a7a80000, 0x00000000e0000000)
  object space 125440K, 47% used [0x00000000a0000000,0x00000000a3a9bf48,0x00000000a7a80000)
 Metaspace       used 112656K, capacity 117012K, committed 117208K, reserved 1150976K
  class space    used 13921K, capacity 14742K, committed 14848K, reserved 1048576K
}

